Log file open, 10/23/17 08:46:44
LogInit: Display: Running engine for game: Escape_Game
LogPlatformFile: Not using cached read wrapper
LogInit: Display: RandInit(346860212) SRandInit(346860212).
LogTaskGraph: Started task graph with 5 named threads and 8 total threads with 3 sets of task threads.
LogStats: Stats thread started at 0.102481
LogPluginManager: Mounting plugin Paper2D
LogPluginManager: Mounting plugin LightPropagationVolume
LogPluginManager: Mounting plugin CodeLiteSourceCodeAccess
LogPluginManager: Mounting plugin GitSourceControl
LogPluginManager: Mounting plugin KDevelopSourceCodeAccess
LogPluginManager: Mounting plugin NullSourceCodeAccess
LogPluginManager: Mounting plugin PerforceSourceControl
LogPluginManager: Mounting plugin SubversionSourceControl
LogPluginManager: Mounting plugin UObjectPlugin
LogPluginManager: Mounting plugin VisualStudioSourceCodeAccess
LogPluginManager: Mounting plugin XCodeSourceCodeAccess
LogPluginManager: Mounting plugin AssetManagerEditor
LogPluginManager: Mounting plugin AudioCapture
LogPluginManager: Mounting plugin FacialAnimation
LogPluginManager: Mounting plugin GameplayTagsEditor
LogPluginManager: Mounting plugin MobileLauncherProfileWizard
LogPluginManager: Mounting plugin PluginBrowser
LogPluginManager: Mounting plugin SpeedTreeImporter
LogPluginManager: Mounting plugin AlembicImporter
LogPluginManager: Mounting plugin CharacterAI
LogPluginManager: Mounting plugin HTML5Networking
LogPluginManager: Mounting plugin AndroidMedia
LogPluginManager: Mounting plugin AvfMedia
LogPluginManager: Mounting plugin MediaPlayerEditor
LogPluginManager: Mounting plugin WmfMedia
LogPluginManager: Mounting plugin TcpMessaging
LogPluginManager: Mounting plugin UdpMessaging
LogPluginManager: Mounting plugin LevelSequenceEditor
LogPluginManager: Mounting plugin MatineeToLevelSequence
LogPluginManager: Mounting plugin OnlineSubsystemGooglePlay
LogPluginManager: Mounting plugin OnlineSubsystemIOS
LogPluginManager: Mounting plugin OnlineSubsystem
LogPluginManager: Mounting plugin OnlineSubsystemNull
LogPluginManager: Mounting plugin OnlineSubsystemUtils
LogPluginManager: Mounting plugin ImmediatePhysics
LogPluginManager: Mounting plugin AndroidDeviceProfileSelector
LogPluginManager: Mounting plugin AndroidMoviePlayer
LogPluginManager: Mounting plugin AndroidPermission
LogPluginManager: Mounting plugin AppleMoviePlayer
LogPluginManager: Mounting plugin ArchVisCharacter
LogPluginManager: Mounting plugin CableComponent
LogPluginManager: Mounting plugin CustomMeshComponent
LogPluginManager: Mounting plugin ExampleDeviceProfileSelector
LogPluginManager: Mounting plugin GoogleCloudMessaging
LogPluginManager: Mounting plugin IOSDeviceProfileSelector
LogPluginManager: Mounting plugin LinuxDeviceProfileSelector
LogPluginManager: Mounting plugin LocationServicesBPLibrary
LogPluginManager: Mounting plugin MobilePatchingUtils
LogPluginManager: Mounting plugin OculusVR
LogPluginManager: Mounting plugin PhysXVehicles
LogPluginManager: Mounting plugin ProceduralMeshComponent
LogPluginManager: Mounting plugin RuntimePhysXCooking
LogPluginManager: Mounting plugin SteamVR
LogPluginManager: Mounting plugin WindowsMoviePlayer
LogInit: Using libcurl 7.48.0-DEV
LogInit:  - built for x86_64-unknown-linux-gnu
LogInit:  - supports SSL with OpenSSL/1.0.2h
LogInit:  - supports HTTP deflate (compression) using libz 1.2.8
LogInit:  - other features:
LogInit:      CURL_VERSION_SSL
LogInit:      CURL_VERSION_LIBZ
LogInit:      CURL_VERSION_IPV6
LogInit:      CURL_VERSION_ASYNCHDNS
LogInit:      CURL_VERSION_LARGEFILE
LogInit:      CURL_VERSION_TLSAUTH_SRP
LogInit:  Libcurl: checking if '/etc/pki/tls/certs/ca-bundle.crt' exists
LogInit:  Libcurl: checking if '/etc/ssl/certs/ca-certificates.crt' exists
LogInit:  CurlRequestOptions (configurable via config and command line):
LogInit:  - bVerifyPeer = true  - Libcurl will verify peer certificate
LogInit:  - bUseHttpProxy = false  - Libcurl will NOT use HTTP proxy
LogInit:  - bDontReuseConnections = false  - Libcurl will reuse connections
LogInit:  - CertBundlePath = /etc/ssl/certs/ca-certificates.crt  - Libcurl will set CURLOPT_CAINFO to it
LogInit: Build: ++UE4+Release-4.17-CL-0
LogInit: Engine Version: 4.17.2-0+++UE4+Release-4.17
LogInit: Compatible Engine Version: 4.17.0-0+++UE4+Release-4.17
LogInit: Net CL: 0
LogDevObjectVersion: Number of dev versions registered: 16
LogDevObjectVersion:   Dev-Blueprints (B0D832E4-1F89-4F0D-ACCF-7EB736FD4AA2): 10
LogDevObjectVersion:   Dev-Build (E1C64328-A22C-4D53-A36C-8E866417BD8C): 0
LogDevObjectVersion:   Dev-Core (375EC13C-06E4-48FB-B500-84F0262A717E): 2
LogDevObjectVersion:   Dev-Editor (E4B068ED-F494-42E9-A231-DA0B2E46BB41): 20
LogDevObjectVersion:   Dev-Framework (CFFC743F-43B0-4480-9391-14DF171D2073): 28
LogDevObjectVersion:   Dev-Mobile (B02B49B5-BB20-44E9-A304-32B752E40360): 0
LogDevObjectVersion:   Dev-Networking (A4E4105C-59A1-49B5-A7C5-40C4547EDFEE): 0
LogDevObjectVersion:   Dev-Online (39C831C9-5AE6-47DC-9A44-9C173E1C8E7C): 0
LogDevObjectVersion:   Dev-Physics (78F01B33-EBEA-4F98-B9B4-84EACCB95AA2): 0
LogDevObjectVersion:   Dev-Platform (6631380F-2D4D-43E0-8009-CF276956A95A): 0
LogDevObjectVersion:   Dev-Rendering (12F88B9F-8875-4AFC-A67C-D90C383ABD29): 19
LogDevObjectVersion:   Dev-Sequencer (7B5AE74C-D270-4C10-A958-57980B212A5A): 4
LogDevObjectVersion:   Dev-VR (D7296918-1DD6-4BDD-9DE2-64A83CC13884): 0
LogDevObjectVersion:   Dev-LoadTimes (C2A15278-BFE7-4AFE-6C17-90FF531DF755): 1
LogDevObjectVersion:   Private-Geometry (6EACA3D4-40EC-4CC1-B786-8BED09428FC5): 1
LogDevObjectVersion:   Dev-AnimPhys (29E575DD-E0A3-4627-9D10-D276232CDCEA): 7
LogInit: Compiled (64-bit): Oct 17 2017 02:35:32
LogInit: Compiled with Clang: 3.8.0 (tags/RELEASE_380/final)
LogInit: Build Configuration: Development
LogInit: Branch Name: ++UE4+Release-4.17
LogInit: Command line: 
LogInit: Base directory: /media/maxime/DATA/UnrealEngine/Engine/Binaries/Linux/
LogInit: Installed Engine Build: 0
LogInit: Presizing for max 8388607 objects, including 0 objects not considered by GC, pre-allocating 0 bytes for permanent pool.
LogInit: Object subsystem initialized
[2017.10.23-06.46.45:491][  0]LogInit: Initializing SDL.
[2017.10.23-06.46.45:491][  0]LogInit: Using SDL_WINDOW_OPENGL
[2017.10.23-06.46.45:549][  0]LogInit: Initialized SDL 2.0.4 revision: 10374 (hg-10374:dccf51aee79b with EpicExtensions) (compiled against 2.0.4)
[2017.10.23-06.46.45:549][  0]LogInit: Display metrics:
[2017.10.23-06.46.45:549][  0]LogInit:   PrimaryDisplayWidth: 1600
[2017.10.23-06.46.45:549][  0]LogInit:   PrimaryDisplayHeight: 900
[2017.10.23-06.46.45:549][  0]LogInit:   PrimaryDisplayWorkAreaRect:
[2017.10.23-06.46.45:549][  0]LogInit:     Left=55, Top=24, Right=1600, Bottom=900
[2017.10.23-06.46.45:549][  0]LogInit:   VirtualDisplayRect:
[2017.10.23-06.46.45:549][  0]LogInit:     Left=55, Top=24, Right=1600, Bottom=900
[2017.10.23-06.46.45:549][  0]LogInit:   TitleSafePaddingSize: X=0.000 Y=0.000
[2017.10.23-06.46.45:549][  0]LogInit:   ActionSafePaddingSize: X=0.000 Y=0.000
[2017.10.23-06.46.45:549][  0]LogInit:   Number of monitors: 1
[2017.10.23-06.46.45:549][  0]LogInit:     Monitor 0
[2017.10.23-06.46.45:549][  0]LogInit:       Name: 0
[2017.10.23-06.46.45:549][  0]LogInit:       ID: display0
[2017.10.23-06.46.45:549][  0]LogInit:       NativeWidth: 1600
[2017.10.23-06.46.45:549][  0]LogInit:       NativeHeight: 900
[2017.10.23-06.46.45:549][  0]LogInit:       bIsPrimary: true
[2017.10.23-06.46.45:549][  0]LogLinux: Selected Device Profile: [Linux]
[2017.10.23-06.46.45:549][  0]LogInit: Applying CVar settings loaded from the selected device profile: [Linux]
[2017.10.23-06.46.45:962][  0]LogInit: Linux hardware info:
[2017.10.23-06.46.45:962][  0]LogInit:  - we are the first instance of this executable
[2017.10.23-06.46.45:962][  0]LogInit:  - this process' id (pid) is 2731, parent process' id (ppid) is 973
[2017.10.23-06.46.45:962][  0]LogInit:  - we are not running under debugger
[2017.10.23-06.46.45:962][  0]LogInit:  - machine network name is 'maxime-X751LJ'
[2017.10.23-06.46.45:962][  0]LogInit:  - user name is 'maxime' (maxime)
[2017.10.23-06.46.45:962][  0]LogInit:  - we're logged in locally
[2017.10.23-06.46.45:962][  0]LogInit:  - we're running with rendering
[2017.10.23-06.46.45:962][  0]LogInit:  - CPU: GenuineIntel 'Intel(R) Core(TM) i7-5500U CPU @ 2.40GHz' (signature: 0x306D4)
[2017.10.23-06.46.45:962][  0]LogInit:  - Number of physical cores available for the process: 2
[2017.10.23-06.46.45:962][  0]LogInit:  - Number of logical cores available for the process: 4
[2017.10.23-06.46.45:962][  0]LogInit:  - Cache line size: 64
[2017.10.23-06.46.45:962][  0]LogInit:  - Memory allocator used: binned2
[2017.10.23-06.46.45:962][  0]LogLinux: Benchmarking clocks:
[2017.10.23-06.46.45:962][  0]LogLinux:  - CLOCK_REALTIME (id=0) can sustain 35837517 (35838K, 36M) calls per second without zero deltas.
[2017.10.23-06.46.45:962][  0]LogLinux:  - CLOCK_MONOTONIC (id=1) can sustain 36020705 (36021K, 36M) calls per second without zero deltas.
[2017.10.23-06.46.45:962][  0]LogLinux:  - CLOCK_MONOTONIC_RAW (id=4) can sustain 10703750 (10704K, 11M) calls per second without zero deltas.
[2017.10.23-06.46.45:962][  0]LogLinux:  - CLOCK_MONOTONIC_COARSE (id=6) can sustain 126431874 (126432K, 126M) calls per second with 99.999795% zero deltas.
[2017.10.23-06.46.45:962][  0]LogLinux: Selected clock_id 1 (CLOCK_MONOTONIC) since it is the fastest support clock without zero deltas.
[2017.10.23-06.46.45:962][  0]LogInit: Linux-specific commandline switches:
[2017.10.23-06.46.45:962][  0]LogInit:  -nodwarf (currently OFF): suppress parsing of DWARF debug info (callstacks will be generated faster, but won't have line numbers)
[2017.10.23-06.46.45:962][  0]LogInit:  -ansimalloc - use malloc()/free() from libc (useful for tools like valgrind and electric fence)
[2017.10.23-06.46.45:962][  0]LogInit:  -jemalloc - use jemalloc for all memory allocation
[2017.10.23-06.46.45:962][  0]LogInit:  -binnedmalloc - use binned malloc  for all memory allocation
[2017.10.23-06.46.45:962][  0]LogInit:  -httpproxy=ADDRESS:PORT - redirects HTTP requests to a proxy (only supported if compiled with libcurl)
[2017.10.23-06.46.45:962][  0]LogInit:  -reuseconn - allow libcurl to reuse HTTP connections (only matters if compiled with libcurl)
[2017.10.23-06.46.45:963][  0]LogInit:  -virtmemkb=NUMBER - sets process virtual memory (address space) limit (overrides VirtualMemoryLimitInKB value from .ini)
[2017.10.23-06.46.45:963][  0]LogInit:  - Physical RAM available (not considering process quota): 8 GB (7854 MB, 8042820 KB, 8235847680 bytes)
[2017.10.23-06.46.46:082][  0]LogInit: Using OS detected language (fr-FR).
[2017.10.23-06.46.46:082][  0]LogInit: Using OS detected locale (fr-FR).
[2017.10.23-06.46.46:103][  0]LogTextLocalizationManager: No localization for 'fr-FR' exists, so 'en' will be used for the language.
[2017.10.23-06.46.46:103][  0]LogTextLocalizationManager: No localization for 'fr-FR' exists, so 'en' will be used for the locale.
[2017.10.23-06.46.48:416][  0]LogRHI: Initializing OpenGL RHI
[2017.10.23-06.46.48:416][  0]LogRHI:   GL_VENDOR: Intel Open Source Technology Center
[2017.10.23-06.46.48:416][  0]LogRHI:   GL_RENDERER: Mesa DRI Intel(R) HD Graphics 5500 (Broadwell GT2) 
[2017.10.23-06.46.48:416][  0]LogRHI:   GL_VERSION: 4.3 (Core Profile) Mesa 12.0.6
[2017.10.23-06.46.48:416][  0]LogRHI:   GL_SHADING_LANGUAGE_VERSION: 4.30
[2017.10.23-06.46.48:416][  0]LogRHI: OpenGL Extensions:
[2017.10.23-06.46.48:416][  0]LogRHI:   GL_3DFX_texture_compression_FXT1
[2017.10.23-06.46.48:417][  0]LogRHI:   GL_AMD_conservative_depth
[2017.10.23-06.46.48:417][  0]LogRHI:   GL_AMD_draw_buffers_blend
[2017.10.23-06.46.48:417][  0]LogRHI:   GL_AMD_seamless_cubemap_per_texture
[2017.10.23-06.46.48:417][  0]LogRHI:   GL_AMD_shader_trinary_minmax
[2017.10.23-06.46.48:417][  0]LogRHI:   GL_AMD_vertex_shader_layer
[2017.10.23-06.46.48:417][  0]LogRHI:   GL_AMD_vertex_shader_viewport_index
[2017.10.23-06.46.48:417][  0]LogRHI:   GL_ANGLE_texture_compression_dxt3
[2017.10.23-06.46.48:417][  0]LogRHI:   GL_ANGLE_texture_compression_dxt5
[2017.10.23-06.46.48:417][  0]LogRHI:   GL_APPLE_object_purgeable
[2017.10.23-06.46.48:417][  0]LogRHI:   GL_ARB_ES2_compatibility
[2017.10.23-06.46.48:417][  0]LogRHI:   GL_ARB_ES3_compatibility
[2017.10.23-06.46.48:417][  0]LogRHI:   GL_ARB_arrays_of_arrays
[2017.10.23-06.46.48:417][  0]LogRHI:   GL_ARB_base_instance
[2017.10.23-06.46.48:417][  0]LogRHI:   GL_ARB_blend_func_extended
[2017.10.23-06.46.48:417][  0]LogRHI:   GL_ARB_buffer_storage
[2017.10.23-06.46.48:417][  0]LogRHI:   GL_ARB_clear_buffer_object
[2017.10.23-06.46.48:417][  0]LogRHI:   GL_ARB_clear_texture
[2017.10.23-06.46.48:417][  0]LogRHI:   GL_ARB_clip_control
[2017.10.23-06.46.48:417][  0]LogRHI:   GL_ARB_compressed_texture_pixel_storage
[2017.10.23-06.46.48:417][  0]LogRHI:   GL_ARB_compute_shader
[2017.10.23-06.46.48:417][  0]LogRHI:   GL_ARB_conditional_render_inverted
[2017.10.23-06.46.48:417][  0]LogRHI:   GL_ARB_conservative_depth
[2017.10.23-06.46.48:417][  0]LogRHI:   GL_ARB_copy_buffer
[2017.10.23-06.46.48:417][  0]LogRHI:   GL_ARB_copy_image
[2017.10.23-06.46.48:417][  0]LogRHI:   GL_ARB_cull_distance
[2017.10.23-06.46.48:417][  0]LogRHI:   GL_ARB_debug_output
[2017.10.23-06.46.48:417][  0]LogRHI:   GL_ARB_depth_buffer_float
[2017.10.23-06.46.48:417][  0]LogRHI:   GL_ARB_depth_clamp
[2017.10.23-06.46.48:417][  0]LogRHI:   GL_ARB_derivative_control
[2017.10.23-06.46.48:417][  0]LogRHI:   GL_ARB_direct_state_access
[2017.10.23-06.46.48:417][  0]LogRHI:   GL_ARB_draw_buffers
[2017.10.23-06.46.48:417][  0]LogRHI:   GL_ARB_draw_buffers_blend
[2017.10.23-06.46.48:417][  0]LogRHI:   GL_ARB_draw_elements_base_vertex
[2017.10.23-06.46.48:417][  0]LogRHI:   GL_ARB_draw_indirect
[2017.10.23-06.46.48:417][  0]LogRHI:   GL_ARB_draw_instanced
[2017.10.23-06.46.48:417][  0]LogRHI:   GL_ARB_explicit_attrib_location
[2017.10.23-06.46.48:417][  0]LogRHI:   GL_ARB_explicit_uniform_location
[2017.10.23-06.46.48:417][  0]LogRHI:   GL_ARB_fragment_coord_conventions
[2017.10.23-06.46.48:417][  0]LogRHI:   GL_ARB_fragment_layer_viewport
[2017.10.23-06.46.48:417][  0]LogRHI:   GL_ARB_fragment_shader
[2017.10.23-06.46.48:417][  0]LogRHI:   GL_ARB_framebuffer_no_attachments
[2017.10.23-06.46.48:417][  0]LogRHI:   GL_ARB_framebuffer_object
[2017.10.23-06.46.48:417][  0]LogRHI:   GL_ARB_framebuffer_sRGB
[2017.10.23-06.46.48:417][  0]LogRHI:   GL_ARB_get_program_binary
[2017.10.23-06.46.48:417][  0]LogRHI:   GL_ARB_get_texture_sub_image
[2017.10.23-06.46.48:417][  0]LogRHI:   GL_ARB_gpu_shader5
[2017.10.23-06.46.48:417][  0]LogRHI:   GL_ARB_gpu_shader_fp64
[2017.10.23-06.46.48:417][  0]LogRHI:   GL_ARB_half_float_pixel
[2017.10.23-06.46.48:417][  0]LogRHI:   GL_ARB_half_float_vertex
[2017.10.23-06.46.48:417][  0]LogRHI:   GL_ARB_instanced_arrays
[2017.10.23-06.46.48:417][  0]LogRHI:   GL_ARB_internalformat_query
[2017.10.23-06.46.48:417][  0]LogRHI:   GL_ARB_internalformat_query2
[2017.10.23-06.46.48:417][  0]LogRHI:   GL_ARB_invalidate_subdata
[2017.10.23-06.46.48:417][  0]LogRHI:   GL_ARB_map_buffer_alignment
[2017.10.23-06.46.48:417][  0]LogRHI:   GL_ARB_map_buffer_range
[2017.10.23-06.46.48:417][  0]LogRHI:   GL_ARB_multi_bind
[2017.10.23-06.46.48:417][  0]LogRHI:   GL_ARB_multi_draw_indirect
[2017.10.23-06.46.48:417][  0]LogRHI:   GL_ARB_occlusion_query2
[2017.10.23-06.46.48:417][  0]LogRHI:   GL_ARB_pipeline_statistics_query
[2017.10.23-06.46.48:417][  0]LogRHI:   GL_ARB_pixel_buffer_object
[2017.10.23-06.46.48:417][  0]LogRHI:   GL_ARB_point_sprite
[2017.10.23-06.46.48:417][  0]LogRHI:   GL_ARB_program_interface_query
[2017.10.23-06.46.48:417][  0]LogRHI:   GL_ARB_provoking_vertex
[2017.10.23-06.46.48:417][  0]LogRHI:   GL_ARB_query_buffer_object
[2017.10.23-06.46.48:417][  0]LogRHI:   GL_ARB_robust_buffer_access_behavior
[2017.10.23-06.46.48:417][  0]LogRHI:   GL_ARB_robustness
[2017.10.23-06.46.48:417][  0]LogRHI:   GL_ARB_sample_shading
[2017.10.23-06.46.48:417][  0]LogRHI:   GL_ARB_sampler_objects
[2017.10.23-06.46.48:417][  0]LogRHI:   GL_ARB_seamless_cube_map
[2017.10.23-06.46.48:417][  0]LogRHI:   GL_ARB_seamless_cubemap_per_texture
[2017.10.23-06.46.48:417][  0]LogRHI:   GL_ARB_separate_shader_objects
[2017.10.23-06.46.48:417][  0]LogRHI:   GL_ARB_shader_atomic_counters
[2017.10.23-06.46.48:417][  0]LogRHI:   GL_ARB_shader_bit_encoding
[2017.10.23-06.46.48:417][  0]LogRHI:   GL_ARB_shader_clock
[2017.10.23-06.46.48:417][  0]LogRHI:   GL_ARB_shader_draw_parameters
[2017.10.23-06.46.48:417][  0]LogRHI:   GL_ARB_shader_image_load_store
[2017.10.23-06.46.48:417][  0]LogRHI:   GL_ARB_shader_image_size
[2017.10.23-06.46.48:417][  0]LogRHI:   GL_ARB_shader_objects
[2017.10.23-06.46.48:417][  0]LogRHI:   GL_ARB_shader_precision
[2017.10.23-06.46.48:417][  0]LogRHI:   GL_ARB_shader_storage_buffer_object
[2017.10.23-06.46.48:417][  0]LogRHI:   GL_ARB_shader_subroutine
[2017.10.23-06.46.48:418][  0]LogRHI:   GL_ARB_shader_texture_image_samples
[2017.10.23-06.46.48:418][  0]LogRHI:   GL_ARB_shader_texture_lod
[2017.10.23-06.46.48:418][  0]LogRHI:   GL_ARB_shading_language_420pack
[2017.10.23-06.46.48:418][  0]LogRHI:   GL_ARB_shading_language_packing
[2017.10.23-06.46.48:418][  0]LogRHI:   GL_ARB_stencil_texturing
[2017.10.23-06.46.48:418][  0]LogRHI:   GL_ARB_sync
[2017.10.23-06.46.48:418][  0]LogRHI:   GL_ARB_tessellation_shader
[2017.10.23-06.46.48:418][  0]LogRHI:   GL_ARB_texture_barrier
[2017.10.23-06.46.48:418][  0]LogRHI:   GL_ARB_texture_buffer_object
[2017.10.23-06.46.48:418][  0]LogRHI:   GL_ARB_texture_buffer_object_rgb32
[2017.10.23-06.46.48:418][  0]LogRHI:   GL_ARB_texture_buffer_range
[2017.10.23-06.46.48:418][  0]LogRHI:   GL_ARB_texture_compression_bptc
[2017.10.23-06.46.48:418][  0]LogRHI:   GL_ARB_texture_compression_rgtc
[2017.10.23-06.46.48:418][  0]LogRHI:   GL_ARB_texture_cube_map_array
[2017.10.23-06.46.48:418][  0]LogRHI:   GL_ARB_texture_float
[2017.10.23-06.46.48:418][  0]LogRHI:   GL_ARB_texture_gather
[2017.10.23-06.46.48:418][  0]LogRHI:   GL_ARB_texture_mirror_clamp_to_edge
[2017.10.23-06.46.48:418][  0]LogRHI:   GL_ARB_texture_multisample
[2017.10.23-06.46.48:418][  0]LogRHI:   GL_ARB_texture_non_power_of_two
[2017.10.23-06.46.48:418][  0]LogRHI:   GL_ARB_texture_query_levels
[2017.10.23-06.46.48:418][  0]LogRHI:   GL_ARB_texture_query_lod
[2017.10.23-06.46.48:418][  0]LogRHI:   GL_ARB_texture_rectangle
[2017.10.23-06.46.48:418][  0]LogRHI:   GL_ARB_texture_rg
[2017.10.23-06.46.48:418][  0]LogRHI:   GL_ARB_texture_rgb10_a2ui
[2017.10.23-06.46.48:418][  0]LogRHI:   GL_ARB_texture_stencil8
[2017.10.23-06.46.48:418][  0]LogRHI:   GL_ARB_texture_storage
[2017.10.23-06.46.48:418][  0]LogRHI:   GL_ARB_texture_storage_multisample
[2017.10.23-06.46.48:418][  0]LogRHI:   GL_ARB_texture_swizzle
[2017.10.23-06.46.48:418][  0]LogRHI:   GL_ARB_texture_view
[2017.10.23-06.46.48:418][  0]LogRHI:   GL_ARB_timer_query
[2017.10.23-06.46.48:418][  0]LogRHI:   GL_ARB_transform_feedback2
[2017.10.23-06.46.48:418][  0]LogRHI:   GL_ARB_transform_feedback3
[2017.10.23-06.46.48:418][  0]LogRHI:   GL_ARB_transform_feedback_instanced
[2017.10.23-06.46.48:418][  0]LogRHI:   GL_ARB_uniform_buffer_object
[2017.10.23-06.46.48:418][  0]LogRHI:   GL_ARB_vertex_array_bgra
[2017.10.23-06.46.48:418][  0]LogRHI:   GL_ARB_vertex_array_object
[2017.10.23-06.46.48:418][  0]LogRHI:   GL_ARB_vertex_attrib_64bit
[2017.10.23-06.46.48:418][  0]LogRHI:   GL_ARB_vertex_attrib_binding
[2017.10.23-06.46.48:418][  0]LogRHI:   GL_ARB_vertex_shader
[2017.10.23-06.46.48:418][  0]LogRHI:   GL_ARB_vertex_type_10f_11f_11f_rev
[2017.10.23-06.46.48:418][  0]LogRHI:   GL_ARB_vertex_type_2_10_10_10_rev
[2017.10.23-06.46.48:418][  0]LogRHI:   GL_ARB_viewport_array
[2017.10.23-06.46.48:418][  0]LogRHI:   GL_ATI_blend_equation_separate
[2017.10.23-06.46.48:418][  0]LogRHI:   GL_ATI_texture_float
[2017.10.23-06.46.48:418][  0]LogRHI:   GL_EXT_abgr
[2017.10.23-06.46.48:418][  0]LogRHI:   GL_EXT_blend_equation_separate
[2017.10.23-06.46.48:418][  0]LogRHI:   GL_EXT_draw_buffers2
[2017.10.23-06.46.48:418][  0]LogRHI:   GL_EXT_draw_instanced
[2017.10.23-06.46.48:418][  0]LogRHI:   GL_EXT_framebuffer_blit
[2017.10.23-06.46.48:418][  0]LogRHI:   GL_EXT_framebuffer_multisample
[2017.10.23-06.46.48:418][  0]LogRHI:   GL_EXT_framebuffer_multisample_blit_scaled
[2017.10.23-06.46.48:418][  0]LogRHI:   GL_EXT_framebuffer_sRGB
[2017.10.23-06.46.48:418][  0]LogRHI:   GL_EXT_packed_depth_stencil
[2017.10.23-06.46.48:418][  0]LogRHI:   GL_EXT_packed_float
[2017.10.23-06.46.48:418][  0]LogRHI:   GL_EXT_pixel_buffer_object
[2017.10.23-06.46.48:418][  0]LogRHI:   GL_EXT_polygon_offset_clamp
[2017.10.23-06.46.48:418][  0]LogRHI:   GL_EXT_provoking_vertex
[2017.10.23-06.46.48:418][  0]LogRHI:   GL_EXT_shader_integer_mix
[2017.10.23-06.46.48:418][  0]LogRHI:   GL_EXT_shader_samples_identical
[2017.10.23-06.46.48:418][  0]LogRHI:   GL_EXT_texture_array
[2017.10.23-06.46.48:418][  0]LogRHI:   GL_EXT_texture_compression_dxt1
[2017.10.23-06.46.48:418][  0]LogRHI:   GL_EXT_texture_compression_rgtc
[2017.10.23-06.46.48:418][  0]LogRHI:   GL_EXT_texture_compression_s3tc
[2017.10.23-06.46.48:418][  0]LogRHI:   GL_EXT_texture_filter_anisotropic
[2017.10.23-06.46.48:418][  0]LogRHI:   GL_EXT_texture_integer
[2017.10.23-06.46.48:419][  0]LogRHI:   GL_EXT_texture_sRGB
[2017.10.23-06.46.48:419][  0]LogRHI:   GL_EXT_texture_sRGB_decode
[2017.10.23-06.46.48:419][  0]LogRHI:   GL_EXT_texture_shared_exponent
[2017.10.23-06.46.48:419][  0]LogRHI:   GL_EXT_texture_snorm
[2017.10.23-06.46.48:419][  0]LogRHI:   GL_EXT_texture_swizzle
[2017.10.23-06.46.48:419][  0]LogRHI:   GL_EXT_timer_query
[2017.10.23-06.46.48:419][  0]LogRHI:   GL_EXT_transform_feedback
[2017.10.23-06.46.48:419][  0]LogRHI:   GL_EXT_vertex_array_bgra
[2017.10.23-06.46.48:419][  0]LogRHI:   GL_IBM_multimode_draw_arrays
[2017.10.23-06.46.48:419][  0]LogRHI:   GL_KHR_context_flush_control
[2017.10.23-06.46.48:419][  0]LogRHI:   GL_KHR_debug
[2017.10.23-06.46.48:419][  0]LogRHI:   GL_KHR_robust_buffer_access_behavior
[2017.10.23-06.46.48:419][  0]LogRHI:   GL_KHR_robustness
[2017.10.23-06.46.48:419][  0]LogRHI:   GL_MESA_pack_invert
[2017.10.23-06.46.48:419][  0]LogRHI:   GL_MESA_texture_signed_rgba
[2017.10.23-06.46.48:419][  0]LogRHI:   GL_NV_conditional_render
[2017.10.23-06.46.48:419][  0]LogRHI:   GL_NV_depth_clamp
[2017.10.23-06.46.48:419][  0]LogRHI:   GL_NV_packed_depth_stencil
[2017.10.23-06.46.48:419][  0]LogRHI:   GL_NV_texture_barrier
[2017.10.23-06.46.48:419][  0]LogRHI:   GL_OES_EGL_image
[2017.10.23-06.46.48:419][  0]LogRHI:   GL_OES_read_format
[2017.10.23-06.46.48:419][  0]LogRHI:   GL_S3_s3tc
[2017.10.23-06.46.48:421][  0]LogRHI:   GL_MAX_TEXTURE_SIZE: 8192
[2017.10.23-06.46.48:421][  0]LogRHI:   GL_MAX_CUBE_MAP_TEXTURE_SIZE: 8192
[2017.10.23-06.46.48:421][  0]LogRHI:   GL_MAX_ARRAY_TEXTURE_LAYERS: 2048
[2017.10.23-06.46.48:421][  0]LogRHI:   GL_MAX_3D_TEXTURE_SIZE: 2048
[2017.10.23-06.46.48:421][  0]LogRHI:   GL_MAX_RENDERBUFFER_SIZE: 8192
[2017.10.23-06.46.48:421][  0]LogRHI:   GL_MAX_TEXTURE_IMAGE_UNITS: 32
[2017.10.23-06.46.48:421][  0]LogRHI:   GL_MAX_DRAW_BUFFERS: 8
[2017.10.23-06.46.48:421][  0]LogRHI:   GL_MAX_COLOR_ATTACHMENTS: 8
[2017.10.23-06.46.48:421][  0]LogRHI:   GL_MAX_SAMPLES: 8
[2017.10.23-06.46.48:421][  0]LogRHI:   GL_MAX_COLOR_TEXTURE_SAMPLES: 8
[2017.10.23-06.46.48:421][  0]LogRHI:   GL_MAX_DEPTH_TEXTURE_SAMPLES: 8
[2017.10.23-06.46.48:421][  0]LogRHI:   GL_MAX_INTEGER_SAMPLES: 8
[2017.10.23-06.46.48:421][  0]LogRHI:   GL_MAX_COMBINED_TEXTURE_IMAGE_UNITS: 192
[2017.10.23-06.46.48:421][  0]LogRHI:   GL_MAX_VERTEX_ATTRIBS: 16
[2017.10.23-06.46.48:421][  0]LogRHI:   GL_MAX_TEXTURE_MAX_ANISOTROPY_EXT: 16
[2017.10.23-06.46.48:421][  0]LogRHI: OpenGL MajorVersion = 4, MinorVersion = 3, ShaderPlatform = GLSL_430, FeatureLevel = SM5
[2017.10.23-06.46.48:433][  0]LogShaderCompilers: Guid format shader working directory is 15 characters bigger than the processId version (../../../../../../../home/maxime/Bureau/Udemy/Unreal_Engine_Udemy/Escape_Game/Intermediate/Shaders/WorkingDirectory/2731/).
[2017.10.23-06.46.48:434][  0]LogShaderCompilers: Cleaned the shader compiler working directory '../../../../../../../home/maxime/Bureau/Udemy/Unreal_Engine_Udemy/Escape_Game/Intermediate/Shaders/tmp/000398D5300A0817002E01B1150721FD/'.
[2017.10.23-06.46.48:434][  0]LogShaderCompilers: Display: Using Local Shader Compiler.
[2017.10.23-06.46.51:093][  0]LogTemp: Display: Loaded TP AllDesktopTargetPlatform
[2017.10.23-06.46.51:199][  0]LogTemp: Display: Loaded TP AndroidTargetPlatform
[2017.10.23-06.46.51:296][  0]LogTemp: Display: Loaded TP Android_ASTCTargetPlatform
[2017.10.23-06.46.51:396][  0]LogTemp: Display: Loaded TP Android_ATCTargetPlatform
[2017.10.23-06.46.51:494][  0]LogTemp: Display: Loaded TP Android_DXTTargetPlatform
[2017.10.23-06.46.51:591][  0]LogTemp: Display: Loaded TP Android_ETC1TargetPlatform
[2017.10.23-06.46.51:688][  0]LogTemp: Display: Loaded TP Android_ETC2TargetPlatform
[2017.10.23-06.46.51:883][  0]LogTemp: Display: Loaded TP Android_MultiTargetPlatform
[2017.10.23-06.46.51:883][  0]LogTemp: Display: Loaded TP Android_PVRTCTargetPlatform
[2017.10.23-06.46.51:973][  0]LogTemp: Display: Loaded TP HTML5TargetPlatform
[2017.10.23-06.46.52:069][  0]LogTemp: Display: Loaded TP LinuxClientTargetPlatform
[2017.10.23-06.46.52:164][  0]LogTemp: Display: Loaded TP LinuxNoEditorTargetPlatform
[2017.10.23-06.46.52:261][  0]LogTemp: Display: Loaded TP LinuxServerTargetPlatform
[2017.10.23-06.46.52:347][  0]LogTemp: Display: Loaded TP LinuxTargetPlatform
[2017.10.23-06.46.52:347][  0]LogTargetPlatformManager: Display: Building Assets For Linux
[2017.10.23-06.46.52:759][  0]LogDerivedDataCache: Display: Max Cache Size: 512 MB
[2017.10.23-06.46.54:503][  0]LogDerivedDataCache: Loaded boot cache 1.74s 90MB ../../../../../../../home/maxime/Bureau/Udemy/Unreal_Engine_Udemy/Escape_Game/DerivedDataCache/Boot.ddc.
[2017.10.23-06.46.54:503][  0]LogDerivedDataCache: Display: Loaded Boot cache: ../../../../../../../home/maxime/Bureau/Udemy/Unreal_Engine_Udemy/Escape_Game/DerivedDataCache/Boot.ddc
[2017.10.23-06.46.54:504][  0]LogDerivedDataCache: FDerivedDataBackendGraph:  Pak pak cache file ../../../../../../../home/maxime/Bureau/Udemy/Unreal_Engine_Udemy/Escape_Game/DerivedDataCache/DDC.ddp not found, will not use a pak cache.
[2017.10.23-06.46.54:504][  0]LogDerivedDataCache: Unable to find inner node Pak for hierarchical cache Hierarchy.
[2017.10.23-06.46.54:505][  0]LogDerivedDataCache: FDerivedDataBackendGraph:  EnginePak pak cache file ../../../Engine/DerivedDataCache/DDC.ddp not found, will not use a pak cache.
[2017.10.23-06.46.54:505][  0]LogDerivedDataCache: Unable to find inner node EnginePak for hierarchical cache Hierarchy.
[2017.10.23-06.46.54:506][  0]LogDerivedDataCache: Using Local data cache path ../../../Engine/DerivedDataCache: Writable
[2017.10.23-06.46.54:506][  0]LogDerivedDataCache: Shared data cache path not found in *engine.ini, will not use an Shared cache.
[2017.10.23-06.46.54:506][  0]LogDerivedDataCache: Unable to find inner node Shared for hierarchical cache Hierarchy.
[2017.10.23-06.46.54:521][  0]LogMaterial: Verifying Global Shaders for GLSL_430
[2017.10.23-06.46.54:522][  0]LogSlate: Using Freetype 2.6.0
[2017.10.23-06.46.54:526][  0]LogSlate: SlateFontCache - WITH_FREETYPE: 1, WITH_HARFBUZZ: 0
[2017.10.23-06.46.54:526][  0]LogSlate: SlateFontCache - WITH_FREETYPE: 1, WITH_HARFBUZZ: 0
[2017.10.23-06.46.54:888][  0]LogAssetRegistry: FAssetRegistry took 0.0104 seconds to start up
[2017.10.23-06.46.55:655][  0]LogLinux: Selected Device Profile: [Linux]
[2017.10.23-06.46.55:704][  0]LogContentStreaming: Texture pool size is 0.00 MB
[2017.10.23-06.46.56:480][  0]LogMeshReduction: Using QuadricMeshReduction for automatic static mesh reduction
[2017.10.23-06.46.56:480][  0]LogMeshReduction: No automatic skeletal mesh reduction module available
[2017.10.23-06.46.56:480][  0]LogMeshReduction: No automatic mesh merging module available
[2017.10.23-06.46.56:480][  0]LogMeshReduction: No distributed automatic mesh merging module available
[2017.10.23-06.46.56:480][  0]LogMeshMerging: No automatic mesh merging module available
[2017.10.23-06.46.56:480][  0]LogMeshMerging: No distributed automatic mesh merging module available
[2017.10.23-06.46.56:817][  0]LogNetVersion: Escape_Game , NetCL: 0, EngineNetVer: 2, GameNetVer: 0 (Checksum: 1376256799)
[2017.10.23-06.46.59:163][  0]LogPackageLocalizationCache: Processed 5 localized package path(s) for 1 prioritized culture(s) in 0.048127 seconds
[2017.10.23-06.46.59:169][  0]LogUObjectArray: 35594 objects as part of root set at end of initial load.
[2017.10.23-06.46.59:169][  0]LogUObjectAllocator: 7455408 out of 0 bytes used by permanent object pool.
[2017.10.23-06.46.59:169][  0]LogUObjectArray: CloseDisregardForGC: 0/0 objects in disregard for GC pool
[2017.10.23-06.46.59:335][  0]LogHAL: Linux SourceCodeAccessSettings: NullSourceCodeAccessor
[2017.10.23-06.47.03:970][  0]LogUdpMessaging: Initializing bridge on interface 0.0.0.0:0 to multicast group 230.0.0.1:6666.
[2017.10.23-06.47.05:023][  0]LogMaterial: Uniform references updated for custom material expression Custom.
[2017.10.23-06.47.05:778][  0]SourceControl: Source control is disabled
[2017.10.23-06.47.05:778][  0]SourceControl: Source control is disabled
[2017.10.23-06.47.05:886][  0]SourceControl: Source control is disabled
[2017.10.23-06.47.05:976][  0]SourceControl: Source control is disabled
[2017.10.23-06.47.06:518][  0]LogAndroidPermission: UAndroidPermissionCallbackProxy::GetInstance
[2017.10.23-06.47.07:316][  0]LogEngine: Initializing Engine...
[2017.10.23-06.47.07:318][  0]LogHMD: Failed to initialize OpenVR with code 110
[2017.10.23-06.47.07:450][  0]LogMaterial: Missing cached shader map for material MAT_LevelColorationLitLightmapUV, compiling. Is special engine material.
[2017.10.23-06.47.08:199][  0]LogMaterial: Missing cached shader map for material ShadedLevelColorationLitMaterial, compiling. Is special engine material.
[2017.10.23-06.47.09:354][  0]LogMaterial: Missing cached shader map for material ShadedLevelColorationUnlitMateri, compiling. Is special engine material.
[2017.10.23-06.47.09:728][  0]LogMaterial: Missing cached shader map for material VertexColorMaterial, compiling. 
[2017.10.23-06.47.09:877][  0]LogMaterial: Missing cached shader map for material VertexColorViewMode_ColorOnly, compiling. 
[2017.10.23-06.47.09:918][  0]LogMaterial: Missing cached shader map for material VertexColorViewMode_AlphaAsColor, compiling. 
[2017.10.23-06.47.09:950][  0]LogMaterial: Missing cached shader map for material VertexColorViewMode_RedOnly, compiling. 
[2017.10.23-06.47.09:981][  0]LogMaterial: Missing cached shader map for material VertexColorViewMode_GreenOnly, compiling. 
[2017.10.23-06.47.10:015][  0]LogMaterial: Missing cached shader map for material VertexColorViewMode_BlueOnly, compiling. 
[2017.10.23-06.47.10:045][  0]LogMaterial: Missing cached shader map for material RemoveSurfaceMaterial, compiling. 
[2017.10.23-06.47.10:060][  0]LogMaterial: Missing cached shader map for material DebugMeshMaterial, compiling. 
[2017.10.23-06.47.10:157][  0]LogMaterial: Missing cached shader map for material M_InvalidLightmapSettings, compiling. 
[2017.10.23-06.47.10:243][  0]LogMaterial: Missing cached shader map for material GizmoMaterial, compiling. 
[2017.10.23-06.47.10:277][  0]LogMaterial: Missing cached shader map for material PhAT_JointLimitMaterial, compiling. 
[2017.10.23-06.47.10:316][  0]LogMaterial: Missing cached shader map for material GeomMaterial, compiling. 
[2017.10.23-06.47.10:346][  0]LogMaterial: Missing cached shader map for material EditorBrushMaterial, compiling. 
[2017.10.23-06.47.10:424][  0]LogMaterial: Missing cached shader map for material BoneWeightMaterial, compiling. 
[2017.10.23-06.47.10:607][  0]LogMaterial: Missing cached shader map for material ClothMaterial, compiling. 
[2017.10.23-06.47.10:648][  0]LogMaterial: Missing cached shader map for material ClothMaterial_WF, compiling. 
[2017.10.23-06.47.10:697][  0]LogMaterial: Missing cached shader map for material DebugEditorMaterial, compiling. 
[2017.10.23-06.47.10:812][  0]LogMaterial: Missing cached shader map for material PreviewShadowIndicatorMaterial, compiling. 
[2017.10.23-06.47.10:938][  0]LogStats: UGameplayTagsManager::ConstructGameplayTagTree: Construct from data asset -  0.000 s
[2017.10.23-06.47.10:938][  0]LogStats: UGameplayTagsManager::ConstructGameplayTagTree: GameplayTagTreeChangedEvent.Broadcast -  0.000 s
[2017.10.23-06.47.11:312][  0]LogAIModule: Creating AISystem for world Untitled
[2017.10.23-06.47.11:342][  0]LogALAudio: ALAudio device opened : OpenAL Soft
[2017.10.23-06.47.11:343][  0]LogALAudio: AL_VENDOR      : OpenAL Community
[2017.10.23-06.47.11:343][  0]LogALAudio: AL_RENDERER    : OpenAL Soft
[2017.10.23-06.47.11:343][  0]LogALAudio: AL_VERSION     : 1.1 ALSOFT 1.15.1
[2017.10.23-06.47.11:343][  0]LogALAudio: AL_EXTENSIONS  : AL_EXT_ALAW AL_EXT_DOUBLE AL_EXT_EXPONENT_DISTANCE AL_EXT_FLOAT32 AL_EXT_IMA4 AL_EXT_LINEAR_DISTANCE AL_EXT_MCFORMATS AL_EXT_MULAW AL_EXT_MULAW_MCFORMATS AL_EXT_OFFSET AL_EXT_source_distance_model AL_LOKI_quadriphonic AL_SOFT_buffer_samples AL_SOFT_buffer_sub_data AL_SOFTX_deferred_updates AL_SOFT_direct_channels AL_SOFT_loop_points AL_SOFT_source_latency
[2017.10.23-06.47.11:345][  0]LogInit: FAudioDevice initialized.
[2017.10.23-06.47.11:471][  0]LogDerivedDataCache: Saved boot cache 0.13s 96MB ../../../../../../../home/maxime/Bureau/Udemy/Unreal_Engine_Udemy/Escape_Game/DerivedDataCache/Boot.ddc.
[2017.10.23-06.47.13:321][  0]LogInit: Texture streaming: Enabled
[2017.10.23-06.47.13:473][  0]LogEngineSessionManager: EngineSessionManager initialized
[2017.10.23-06.47.14:612][  0]LogInit: Transaction tracking system initialized
[2017.10.23-06.47.15:479][  0]BlueprintLog: New page: Editor Load
[2017.10.23-06.47.17:998][  0]LocalizationService: Localization service is disabled
[2017.10.23-06.47.18:963][  0]LogTcpMessaging: Initializing TcpMessaging bridge
[2017.10.23-06.47.20:634][  0]LogConsoleResponse: Display: 
[2017.10.23-06.47.20:748][  0]LogMaterial: Missing cached shader map for material Cross_Mat, compiling. 
[2017.10.23-06.47.20:799][  0]LogMaterial: Missing cached shader map for material PhAT_BoneSelectedMaterial, compiling. 
[2017.10.23-06.47.20:843][  0]LogMaterial: Missing cached shader map for material PhAT_ElemSelectedMaterial, compiling. 
[2017.10.23-06.47.20:888][  0]LogMaterial: Missing cached shader map for material PhAT_NoCollisionMaterial, compiling. 
[2017.10.23-06.47.20:935][  0]LogMaterial: Missing cached shader map for material PhAT_UnselectedMaterial, compiling. 
[2017.10.23-06.47.20:994][  0]LogMaterial: Missing cached shader map for material Tick_Mat, compiling. 
[2017.10.23-06.47.21:065][  0]LogMaterial: Missing cached shader map for material WidgetGridVertexColorMaterial_Ma, compiling. 
[2017.10.23-06.47.21:124][  0]LogMaterial: Missing cached shader map for material WidgetMaterial, compiling. 
[2017.10.23-06.47.21:166][  0]LogMaterial: Missing cached shader map for material WidgetMaterial_Current, compiling. 
[2017.10.23-06.47.21:205][  0]LogMaterial: Missing cached shader map for material WidgetMaterial_X, compiling. 
[2017.10.23-06.47.21:253][  0]LogMaterial: Missing cached shader map for material WidgetMaterial_Y, compiling. 
[2017.10.23-06.47.21:304][  0]LogMaterial: Missing cached shader map for material WidgetMaterial_Z, compiling. 
[2017.10.23-06.47.21:361][  0]LogMaterial: Missing cached shader map for material WidgetVertexColorMaterial, compiling. 
[2017.10.23-06.47.21:502][  0]LogMaterial: Missing cached shader map for material LevelGridMaterial, compiling. 
[2017.10.23-06.47.21:618][  0]LogMaterial: Missing cached shader map for material BlinkingCaret, compiling. 
[2017.10.23-06.47.21:704][  0]LogMaterial: Missing cached shader map for material M_StreamingPause, compiling. 
[2017.10.23-06.47.21:830][  0]LogFileCache: Scanning file cache for directory '/home/maxime/Bureau/Udemy/Unreal_Engine_Udemy/Escape_Game/Content/' took 0.08s
[2017.10.23-06.47.21:831][  0]LogCook: Display: Max memory allowance for cook 16384mb min free memory 0mb
[2017.10.23-06.47.21:831][  0]LogCook: Display: Mobile HDR setting 1
[2017.10.23-06.47.21:831][  0]LogGameplayTags: Display: UGameplayTagsManager::DoneAddingNativeTags. DelegateIsBound: 0
[2017.10.23-06.47.24:477][  0]SourceControl: Source control is disabled
[2017.10.23-06.47.24:478][  0]Cmd: MAP LOAD FILE="../../../../../../../home/maxime/Bureau/Udemy/Unreal_Engine_Udemy/Escape_Game/Content/StarterContent/Maps/Minimal_Default.umap" TEMPLATE=0 SHOWPROGRESS=1 FEATURELEVEL=3
[2017.10.23-06.47.24:479][  0]LightingResults: New page: Lighting Build
[2017.10.23-06.47.24:594][  0]MapCheck: New page: Map Check
[2017.10.23-06.47.24:594][  0]LightingResults: New page: Lighting Build
[2017.10.23-06.47.26:613][  0]LogMaterial: Missing cached shader map for material M_Metal_Brushed_Nickel, compiling. 
[2017.10.23-06.47.26:700][  0]LogMaterial: Missing cached shader map for material M_Metal_Burnished_Steel, compiling. 
[2017.10.23-06.47.26:777][  0]LogMaterial: Missing cached shader map for material M_Metal_Copper, compiling. 
[2017.10.23-06.47.26:875][  0]LogMaterial: Missing cached shader map for material M_Chair, compiling. 
[2017.10.23-06.47.26:968][  0]LogMaterial: Missing cached shader map for material M_StatueGlass, compiling. 
[2017.10.23-06.47.27:167][  0]LogMaterial: Missing cached shader map for material M_Basic_Floor, compiling. 
[2017.10.23-06.47.27:390][  0]LogMaterial: Missing cached shader map for material M_Statue, compiling. 
[2017.10.23-06.47.27:522][  0]LogMaterial: Missing cached shader map for material M_TableRound, compiling. 
[2017.10.23-06.47.27:629][  0]LogMaterial: Missing cached shader map for material M_Sky_Panning_Clouds2, compiling. 
[2017.10.23-06.47.28:289][  0]LogAIModule: Creating AISystem for world Minimal_Default
[2017.10.23-06.47.28:384][  0]LogEditorServer: Finished looking for orphan Actors (0.000 secs)
[2017.10.23-06.47.28:428][  0]Cmd: MAP CHECKDEP NOCLEARLOG
[2017.10.23-06.47.28:624][  0]MapCheck: Map check complete: 0 Error(s), 0 Warning(s), took 195.692ms to complete.
[2017.10.23-06.47.28:624][  0]LogFileHelpers: Loading map 'Minimal_Default' took 4.146
[2017.10.23-06.47.29:500][  0]LogCollectionManager: Loaded 0 collections in 0.019463 seconds
[2017.10.23-06.47.29:673][  0]LogFileCache: Scanning file cache for directory '/home/maxime/Bureau/Udemy/Unreal_Engine_Udemy/Escape_Game/Saved/Collections/' took 0.00s
[2017.10.23-06.47.29:673][  0]LogFileCache: Scanning file cache for directory '/home/maxime/Bureau/Udemy/Unreal_Engine_Udemy/Escape_Game/Content/Developers/maxime/Collections/' took 0.00s
[2017.10.23-06.47.29:673][  0]LogFileCache: Scanning file cache for directory '/home/maxime/Bureau/Udemy/Unreal_Engine_Udemy/Escape_Game/Content/Collections/' took 0.00s
[2017.10.23-06.47.29:673][  0]LogContentBrowser: Native class hierarchy populated in 0.0365 seconds. Added 2374 classes and 483 folders.
[2017.10.23-06.47.29:707][  0]LogCollectionManager: Rebuilt the GUID cache for 0 collections in 0.000002 seconds
[2017.10.23-06.47.30:077][  0]LogContentBrowser: Native class hierarchy updated for 'WidgetCarousel' in 0.0022 seconds. Added 0 classes and 0 folders.
[2017.10.23-06.47.33:546][  0]LogContentBrowser: Native class hierarchy updated for 'AddContentDialog' in 0.0014 seconds. Added 0 classes and 0 folders.
[2017.10.23-06.47.33:729][  0]LogContentBrowser: Native class hierarchy updated for 'SceneOutliner' in 0.0023 seconds. Added 1 classes and 2 folders.
[2017.10.23-06.47.34:659][  0]LogContentBrowser: Native class hierarchy updated for 'HierarchicalLODOutliner' in 0.0038 seconds. Added 1 classes and 2 folders.
[2017.10.23-06.47.34:668][  0]LogLoad: (Engine Initialization) Total time: 52.26 seconds
[2017.10.23-06.47.34:668][  0]LogLoad: (Engine Initialization) Total Blueprint compile time: 0.00 seconds
[2017.10.23-06.47.34:668][  0]LogExternalProfiler: No external profilers were discovered.  External profiling features will not be available.
[2017.10.23-06.47.35:014][  0]LogSlate: Took 0.000355 seconds to synchronously load lazily loaded font '../../../Engine/Content/Slate/Fonts/Roboto-Regular.ttf' (155K)
[2017.10.23-06.47.35:024][  0]LogSlate: Took 0.002545 seconds to synchronously load lazily loaded font '../../../Engine/Content/Slate/Fonts/Roboto-Bold.ttf' (160K)
[2017.10.23-06.47.35:076][  0]LogSlate: Took 0.030926 seconds to synchronously load lazily loaded font '../../../Engine/Content/Editor/Slate/Fonts/FontAwesome.ttf' (139K)
[2017.10.23-06.47.35:499][  0]LogMaterial: Missing cached shader map for material LevelGridMaterial2, compiling. 
[2017.10.23-06.47.35:672][  0]LogRenderer: Reallocating scene render targets to support 972x468 Format 9 NumSamples 1 (Frame:1).
[2017.10.23-06.47.39:257][  0]LogLinux: Setting swap interval to 'Immediate'
[2017.10.23-06.47.39:306][  0]LogEditorViewport: Clicking on Actor (LMB): BP_Sky_Sphere_C (BP_Sky_Sphere)
[2017.10.23-06.47.39:516][  0]LogInit: Adding external input plugin.
[2017.10.23-06.47.39:537][  0]LogContentStreaming: Texture pool size now 400 MB
[2017.10.23-06.47.39:631][  0]LogSlate: Took 0.019705 seconds to synchronously load lazily loaded font '../../../Engine/Content/Slate/Fonts/Roboto-Light.ttf' (159K)
[2017.10.23-06.47.39:910][  3]LogAssetRegistry: Asset discovery search completed in 45.0222 seconds
[2017.10.23-06.47.39:913][  3]LogCollectionManager: Rebuilt the object cache for 0 collections in 0.000000 seconds (found 0 objects)
[2017.10.23-06.47.39:913][  3]LogCollectionManager: Fixed up redirectors for 0 collections in 0.000166 seconds (updated 0 objects)
[2017.10.23-06.47.39:982][  4]LogLinux: Setting swap interval to 'Immediate'
[2017.10.23-06.47.40:757][ 49]LogLinux: Setting swap interval to 'Immediate'
[2017.10.23-06.50.31:751][466]LogLinux: Setting swap interval to 'Immediate'
[2017.10.23-06.50.33:592][541]LogLinux: Setting swap interval to 'Immediate'
[2017.10.23-06.50.34:941][541]Cmd: MAP LOAD FILE="../../../Engine/Content/Maps/Templates/Template_Default.umap" TEMPLATE=1 SHOWPROGRESS=1 FEATURELEVEL=3
[2017.10.23-06.50.34:994][541]LogSlate: Took 0.014943 seconds to synchronously load lazily loaded font '../../../Engine/Content/Slate/Fonts/Roboto-Light.ttf' (159K)
[2017.10.23-06.50.35:030][541]LogLinux: Setting swap interval to 'Immediate'
[2017.10.23-06.50.35:038][541]LightingResults: New page: Lighting Build
[2017.10.23-06.50.35:041][541]LoadErrors: New page: Loading map: Template_Default.umap
[2017.10.23-06.50.35:049][541]MapCheck: New page: Map Check
[2017.10.23-06.50.35:049][541]LightingResults: New page: Lighting Build
[2017.10.23-06.50.35:162][541]LogAIModule: Creating AISystem for world Untitled_1
[2017.10.23-06.50.35:341][541]LogEditorServer: Finished looking for orphan Actors (0.000 secs)
[2017.10.23-06.50.35:400][541]Cmd: MAP CHECKDEP NOCLEARLOG
[2017.10.23-06.50.35:592][541]MapCheck: Map check complete: 0 Error(s), 0 Warning(s), took 191.541ms to complete.
[2017.10.23-06.50.35:592][541]LogFileHelpers: Loading map 'Template_Default' took 0.653
[2017.10.23-06.50.42:493][968]LogLinux: Setting swap interval to 'Immediate'
[2017.10.23-06.55.45:768][364]LogLinux: Setting swap interval to 'Immediate'
[2017.10.23-06.55.51:186][418]LogLinux: Setting swap interval to 'Immediate'
[2017.10.23-06.55.51:639][422]LogTemp: Executing iPhonePackager certificates Engine -bundlename com.YourCompany.EscapeGame
[2017.10.23-06.55.51:639][422]LogTemp: CWD: /media/maxime/DATA/UnrealEngine/Engine/Binaries/DotNET/IOS
[2017.10.23-06.55.51:639][422]LogTemp: Initial Dir: /home/maxime
[2017.10.23-06.55.51:639][422]LogTemp: Env CWD: /media/maxime/DATA/UnrealEngine/Engine/Binaries/DotNET/IOS
[2017.10.23-06.55.51:641][422]LogTemp: BranchPath = maxime-X751LJ///media/maxime/DATA/UnrealEngine/Engine/Binaries/DotNET/IOS/../.. --- GameBranchPath = maxime-X751LJ///media/maxime/DATA/UnrealEngine/Engine/Binaries/DotNET/IOS/../..
[2017.10.23-06.55.51:695][422]LogTemp: IPP ERROR: Application exception: System.ComponentModel.Win32Exception: ApplicationName='/usr/bin/security', CommandLine='find-certificate -a -c "iPhone" -p', CurrentDirectory='', Native error= Cannot find the specified file
[2017.10.23-06.55.51:695][422]LogTemp:   at System.Diagnostics.Process.Start_noshell (System.Diagnostics.ProcessStartInfo startInfo, System.Diagnostics.Process process) <0x41a8eb30 + 0x00fe3> in <filename unknown>:0 
[2017.10.23-06.55.51:695][422]LogTemp:   at System.Diagnostics.Process.Start_common (System.Diagnostics.ProcessStartInfo startInfo, System.Diagnostics.Process process) <0x41a8e980 + 0x000db> in <filename unknown>:0 
[2017.10.23-06.55.51:695][422]LogTemp:   at System.Diagnostics.Process.Start () <0x41a8e900 + 0x0004b> in <filename unknown>:0 
[2017.10.23-06.55.51:695][422]LogTemp:   at (wrapper remoting-invoke-with-check) System.Diagnostics.Process:Start ()
[2017.10.23-06.55.51:695][422]LogTemp:   at iPhonePackager.CodeSignatureBuilder.FindCertificates () <0x41a8d510 + 0x00263> in <filename unknown>:0 
[2017.10.23-06.55.51:695][422]LogTemp:   at iPhonePackager.Program.Main (System.String[] args) <0x41a850a0 + 0x00c1b> in <filename unknown>:0 
[2017.10.23-06.55.55:499][598]LogLinux: Setting swap interval to 'Immediate'
[2017.10.23-06.56.12:434][598]LogLinux: Setting swap interval to 'Immediate'
[2017.10.23-06.56.15:426][598]Cmd: OBJ SAVEPACKAGE PACKAGE="/Game/Escape_Game" FILE="../../../../../../../home/maxime/Bureau/Udemy/Unreal_Engine_Udemy/Escape_Game/Content/Escape_Game.umap" SILENT=true AUTOSAVING=false KEEPDIRTY=false
[2017.10.23-06.56.15:579][598]LogSavePackage: Save=104.03ms
[2017.10.23-06.56.15:579][598]LogSavePackage: Moving '../../../../../../../home/maxime/Bureau/Udemy/Unreal_Engine_Udemy/Escape_Game/Saved/Escape_Game144709C10F0A0817003801DB36D383EC.tmp' to '../../../../../../../home/maxime/Bureau/Udemy/Unreal_Engine_Udemy/Escape_Game/Content/Escape_Game.umap'
[2017.10.23-06.56.15:580][598]LogSavePackage: Display: Finished SavePackage ../../../../../../../home/maxime/Bureau/Udemy/Unreal_Engine_Udemy/Escape_Game/Content/Escape_Game.umap
[2017.10.23-06.56.15:665][598]Cmd: OBJ SAVEPACKAGE PACKAGE="/Game/Escape_Game_BuiltData" FILE="../../../../../../../home/maxime/Bureau/Udemy/Unreal_Engine_Udemy/Escape_Game/Content/Escape_Game_BuiltData.uasset" SILENT=true
[2017.10.23-06.56.15:710][598]LogSavePackage: Save=40.94ms
[2017.10.23-06.56.15:710][598]LogSavePackage: Moving '../../../../../../../home/maxime/Bureau/Udemy/Unreal_Engine_Udemy/Escape_Game/Saved/Escape_Game_BuiltData14493DE50F0A08170038029D36D67DCF.tmp' to '../../../../../../../home/maxime/Bureau/Udemy/Unreal_Engine_Udemy/Escape_Game/Content/Escape_Game_BuiltData.uasset'
[2017.10.23-06.56.15:711][598]LogSavePackage: Display: Finished SavePackage ../../../../../../../home/maxime/Bureau/Udemy/Unreal_Engine_Udemy/Escape_Game/Content/Escape_Game_BuiltData.uasset
[2017.10.23-06.56.15:722][598]LogFileHelpers: Saving map 'Escape_Game' took 3.496
[2017.10.23-06.56.19:030][797]LogLinux: Setting swap interval to 'Immediate'
[2017.10.23-06.56.22:836][882]LogTemp: Executing iPhonePackager certificates Engine -bundlename com.YourCompany.EscapeGame
[2017.10.23-06.56.22:836][882]LogTemp: CWD: /media/maxime/DATA/UnrealEngine/Engine/Binaries/DotNET/IOS
[2017.10.23-06.56.22:836][882]LogTemp: Initial Dir: /home/maxime
[2017.10.23-06.56.22:836][882]LogTemp: Env CWD: /media/maxime/DATA/UnrealEngine/Engine/Binaries/DotNET/IOS
[2017.10.23-06.56.22:836][882]LogTemp: BranchPath = maxime-X751LJ///media/maxime/DATA/UnrealEngine/Engine/Binaries/DotNET/IOS/../.. --- GameBranchPath = maxime-X751LJ///media/maxime/DATA/UnrealEngine/Engine/Binaries/DotNET/IOS/../..
[2017.10.23-06.56.22:837][882]LogLinux: Setting swap interval to 'Immediate'
[2017.10.23-06.56.22:837][882]LogTemp: IPP ERROR: Application exception: System.ComponentModel.Win32Exception: ApplicationName='/usr/bin/security', CommandLine='find-certificate -a -c "iPhone" -p', CurrentDirectory='', Native error= Cannot find the specified file
[2017.10.23-06.56.22:837][882]LogTemp:   at System.Diagnostics.Process.Start_noshell (System.Diagnostics.ProcessStartInfo startInfo, System.Diagnostics.Process process) <0x41143b30 + 0x00fe3> in <filename unknown>:0 
[2017.10.23-06.56.22:837][882]LogTemp:   at System.Diagnostics.Process.Start_common (System.Diagnostics.ProcessStartInfo startInfo, System.Diagnostics.Process process) <0x41143980 + 0x000db> in <filename unknown>:0 
[2017.10.23-06.56.22:837][882]LogTemp:   at System.Diagnostics.Process.Start () <0x41143900 + 0x0004b> in <filename unknown>:0 
[2017.10.23-06.56.22:837][882]LogTemp:   at (wrapper remoting-invoke-with-check) System.Diagnostics.Process:Start ()
[2017.10.23-06.56.22:837][882]LogTemp:   at iPhonePackager.CodeSignatureBuilder.FindCertificates () <0x41142510 + 0x00263> in <filename unknown>:0 
[2017.10.23-06.56.22:837][882]LogTemp:   at iPhonePackager.Program.Main (System.String[] args) <0x4113a0a0 + 0x00c1b> in <filename unknown>:0 
[2017.10.23-06.56.26:621][ 56]LogSlate: Took 0.000435 seconds to synchronously load lazily loaded font '../../../Engine/Content/Slate/Fonts/Roboto-Light.ttf' (159K)
[2017.10.23-06.56.26:669][ 58]LogLinux: Setting swap interval to 'Immediate'
[2017.10.23-06.56.32:354][296]LogLinux: Setting swap interval to 'Immediate'
[2017.10.23-06.56.48:702][213]LogLinux: Setting swap interval to 'Immediate'
[2017.10.23-06.56.52:959][494]LogRenderer: Reallocating scene render targets to support 984x468 Format 9 NumSamples 1 (Frame:86).
[2017.10.23-06.56.53:058][495]LogRenderer: Reallocating scene render targets to support 988x468 Format 9 NumSamples 1 (Frame:88).
[2017.10.23-06.56.54:820][602]LogRenderer: Reallocating scene render targets to support 988x472 Format 9 NumSamples 1 (Frame:95).
[2017.10.23-06.56.54:879][603]LogRenderer: Reallocating scene render targets to support 988x484 Format 9 NumSamples 1 (Frame:97).
[2017.10.23-06.56.54:926][604]LogRenderer: Reallocating scene render targets to support 988x492 Format 9 NumSamples 1 (Frame:99).
[2017.10.23-06.56.54:977][605]LogRenderer: Reallocating scene render targets to support 988x496 Format 9 NumSamples 1 (Frame:101).
[2017.10.23-06.56.55:028][606]LogRenderer: Reallocating scene render targets to support 988x500 Format 9 NumSamples 1 (Frame:103).
[2017.10.23-06.56.55:196][611]LogRenderer: Reallocating scene render targets to support 988x504 Format 9 NumSamples 1 (Frame:107).
[2017.10.23-06.56.55:278][614]LogRenderer: Reallocating scene render targets to support 988x508 Format 9 NumSamples 1 (Frame:109).
[2017.10.23-06.56.55:410][616]LogRenderer: Reallocating scene render targets to support 988x520 Format 9 NumSamples 1 (Frame:113).
[2017.10.23-06.56.55:480][617]LogRenderer: Reallocating scene render targets to support 988x524 Format 9 NumSamples 1 (Frame:115).
[2017.10.23-06.56.55:552][618]LogRenderer: Reallocating scene render targets to support 988x528 Format 9 NumSamples 1 (Frame:117).
[2017.10.23-06.56.55:607][619]LogRenderer: Reallocating scene render targets to support 988x532 Format 9 NumSamples 1 (Frame:119).
[2017.10.23-06.56.55:827][627]LogRenderer: Reallocating scene render targets to support 988x536 Format 9 NumSamples 1 (Frame:123).
[2017.10.23-06.56.59:622][883]LogRenderer: Reallocating scene render targets to support 992x536 Format 9 NumSamples 1 (Frame:130).
[2017.10.23-06.56.59:684][884]LogRenderer: Reallocating scene render targets to support 996x536 Format 9 NumSamples 1 (Frame:132).
[2017.10.23-06.56.59:791][886]LogRenderer: Reallocating scene render targets to support 1000x536 Format 9 NumSamples 1 (Frame:136).
[2017.10.23-06.56.59:838][887]LogRenderer: Reallocating scene render targets to support 1008x536 Format 9 NumSamples 1 (Frame:138).
[2017.10.23-06.56.59:913][888]LogRenderer: Reallocating scene render targets to support 1016x536 Format 9 NumSamples 1 (Frame:140).
[2017.10.23-06.57.00:008][890]LogRenderer: Reallocating scene render targets to support 1020x536 Format 9 NumSamples 1 (Frame:144).
[2017.10.23-06.57.06:446][230]LogTexture: Display: Building textures: CameraActor_64x (BGRA8, 64X64)
[2017.10.23-06.57.06:447][230]LogTexture: Display: Building textures: BlueprintInterface_64x (BGRA8, 64X64)
[2017.10.23-06.57.06:448][230]LogTexture: Display: Building textures: BlueprintMacroLibrary_64x (BGRA8, 64X64)
[2017.10.23-06.57.06:978][230]LogTexture: Display: Building textures: IOS (BGRA8, 64X64)
[2017.10.23-06.57.06:978][230]LogTexture: Display: Building textures: android_Icon (BGRA8, 64X64)
[2017.10.23-06.57.06:978][230]LogTexture: Display: Building textures: Paper2DFlipbook_TutorialIcon (BGRA8, 64X64)
[2017.10.23-06.57.27:446][378]LogLinux: Setting swap interval to 'Immediate'
[2017.10.23-06.58.06:207][431]LogLinux: Setting swap interval to 'Immediate'
[2017.10.23-06.58.09:571][502]LogTemp: Executing iPhonePackager certificates Engine -bundlename com.YourCompany.EscapeGame
[2017.10.23-06.58.09:571][502]LogTemp: CWD: /media/maxime/DATA/UnrealEngine/Engine/Binaries/DotNET/IOS
[2017.10.23-06.58.09:571][502]LogTemp: Initial Dir: /home/maxime
[2017.10.23-06.58.09:571][502]LogTemp: Env CWD: /media/maxime/DATA/UnrealEngine/Engine/Binaries/DotNET/IOS
[2017.10.23-06.58.09:571][502]LogTemp: BranchPath = maxime-X751LJ///media/maxime/DATA/UnrealEngine/Engine/Binaries/DotNET/IOS/../.. --- GameBranchPath = maxime-X751LJ///media/maxime/DATA/UnrealEngine/Engine/Binaries/DotNET/IOS/../..
[2017.10.23-06.58.09:571][502]LogTemp: IPP ERROR: Application exception: System.ComponentModel.Win32Exception: ApplicationName='/usr/bin/security', CommandLine='find-certificate -a -c "iPhone" -p', CurrentDirectory='', Native error= Cannot find the specified file
[2017.10.23-06.58.09:571][502]LogTemp:   at System.Diagnostics.Process.Start_noshell (System.Diagnostics.ProcessStartInfo startInfo, System.Diagnostics.Process process) <0x40296b30 + 0x00fe3> in <filename unknown>:0 
[2017.10.23-06.58.09:571][502]LogTemp:   at System.Diagnostics.Process.Start_common (System.Diagnostics.ProcessStartInfo startInfo, System.Diagnostics.Process process) <0x40296980 + 0x000db> in <filename unknown>:0 
[2017.10.23-06.58.09:571][502]LogTemp:   at System.Diagnostics.Process.Start () <0x40296900 + 0x0004b> in <filename unknown>:0 
[2017.10.23-06.58.09:571][502]LogTemp:   at (wrapper remoting-invoke-with-check) System.Diagnostics.Process:Start ()
[2017.10.23-06.58.09:571][502]LogTemp:   at iPhonePackager.CodeSignatureBuilder.FindCertificates () <0x40295510 + 0x00263> in <filename unknown>:0 
[2017.10.23-06.58.09:571][502]LogTemp:   at iPhonePackager.Program.Main (System.String[] args) <0x4028d0a0 + 0x00c1b> in <filename unknown>:0 
[2017.10.23-06.58.09:571][502]LogLinux: Setting swap interval to 'Immediate'
[2017.10.23-06.58.14:446][731]LogLinux: Setting swap interval to 'Immediate'
[2017.10.23-07.04.32:545][884]LogLinux: Setting swap interval to 'Immediate'
[2017.10.23-07.04.32:616][890]LogActorFactory: Actor Factory created SM_Chair
[2017.10.23-07.04.37:147][152]LogActorFactory: Actor Factory created SM_Chair
[2017.10.23-07.04.46:194][170]LogTexture: Display: Building textures: T_RockMesh_N (BC5, 2048X2048)
[2017.10.23-07.04.46:194][170]LogTexture: Display: Building textures: T_Rock_Basalt_D (AutoDXT, 2048X2048)
[2017.10.23-07.04.46:194][170]LogTexture: Display: Building textures: T_Detail_Rocky_N (BC5, 1024X1024)
[2017.10.23-07.04.46:194][170]LogTexture: Display: Building textures: T_RockMesh_M (DXT1, 2048X2048)
[2017.10.23-07.04.46:243][170]LogStaticMesh: Building static mesh SM_Rock...
[2017.10.23-07.04.46:354][170]LogSlate: Took 0.020869 seconds to synchronously load lazily loaded font '../../../Engine/Content/Slate/Fonts/Roboto-Regular.ttf' (155K)
[2017.10.23-07.04.46:442][170]LogLinux: Setting swap interval to 'Immediate'
[2017.10.23-07.04.46:442][170]LogStaticMesh: Built static mesh [0.24s] /Game/StarterContent/Props/SM_Rock.SM_Rock
[2017.10.23-07.04.46:491][170]LogMaterial: Missing cached shader map for material M_Rock, compiling. 
[2017.10.23-07.04.46:564][170]LogActorFactory: Actor Factory created SM_Rock
[2017.10.23-07.04.52:802][329]LogEditorViewport: Clicking on Actor (LMB): StaticMeshActor (SM_Chair)
[2017.10.23-07.04.53:504][355]Cmd: CAMERA ALIGN ACTIVEVIEWPORTONLY
[2017.10.23-07.05.21:692][951]Cmd: CAMERA ALIGN ACTIVEVIEWPORTONLY
[2017.10.23-07.06.15:563][199]LogEditorViewport: Clicking Background
[2017.10.23-07.06.16:196][238]LogEditorViewport: Clicking on Actor (LMB): StaticMeshActor (Floor)
[2017.10.23-07.06.16:721][271]LogEditorViewport: Clicking Background
[2017.10.23-07.06.17:206][303]LogEditorViewport: Clicking on Actor (LMB): StaticMeshActor (Floor)
[2017.10.23-07.06.17:917][345]LogEditorViewport: Clicking on Actor (LMB): StaticMeshActor (Floor)
[2017.10.23-07.06.24:369][791]LogEditorViewport: Clicking on Actor (LMB): StaticMeshActor (SM_Chair)
[2017.10.23-07.06.30:464][210]LogLinux: Setting swap interval to 'Immediate'
[2017.10.23-07.06.42:063][273]LogEditorViewport: Clicking Background
[2017.10.23-07.06.49:121][898]LogEditorViewport: Clicking Background
[2017.10.23-07.06.53:691][313]LogEditorViewport: Clicking on Actor (LMB): StaticMeshActor (SM_Chair)
[2017.10.23-07.07.03:664][198]LogEditorViewport: Clicking on Actor (LMB): StaticMeshActor (Floor)
[2017.10.23-07.07.14:228][932]LogEditorViewport: Clicking on Actor (context menu): BP_Sky_Sphere_C (Sky Sphere)
[2017.10.23-07.07.14:414][933]LogLinux: Setting swap interval to 'Immediate'
[2017.10.23-07.07.17:139][194]LogEditorViewport: Clicking on Actor (LMB): StaticMeshActor (Floor)
[2017.10.23-07.07.18:278][266]LogEditorViewport: Clicking on Actor (context menu): StaticMeshActor (Floor)
[2017.10.23-07.07.18:406][267]LogLinux: Setting swap interval to 'Immediate'
[2017.10.23-07.07.32:861][294]LogEditorViewport: Clicking on Actor (LMB): StaticMeshActor (SM_Chair)
[2017.10.23-07.08.08:284][840]LogLinux: Setting swap interval to 'Immediate'
[2017.10.23-07.08.16:691][389]LogLinux: Setting swap interval to 'Immediate'
[2017.10.23-07.08.16:796][389]LogSavePackage: Save=28.42ms
[2017.10.23-07.08.16:797][389]LogSavePackage: Moving '../../../../../../../home/maxime/Bureau/Udemy/Unreal_Engine_Udemy/Escape_Game/Saved/Escape_Game_Auto119294B62100A09170008030061D194D8.tmp' to '../../../../../../../home/maxime/Bureau/Udemy/Unreal_Engine_Udemy/Escape_Game/Saved/Autosaves/Game/Escape_Game_Auto1.umap'
[2017.10.23-07.08.16:797][389]LogSavePackage: Display: Finished SavePackage ../../../../../../../home/maxime/Bureau/Udemy/Unreal_Engine_Udemy/Escape_Game/Saved/Autosaves/Game/Escape_Game_Auto1.umap
[2017.10.23-07.08.16:799][389]LogFileHelpers: Editor autosave (incl. sublevels) for '/Game/Escape_Game' took 0.105
[2017.10.23-07.08.16:799][389]LogFileHelpers: Editor autosave (incl. sublevels) for all levels took 0.105
[2017.10.23-07.08.24:470][832]Cmd: CAMERA ALIGN ACTIVEVIEWPORTONLY
[2017.10.23-07.08.25:055][863]Cmd: CAMERA ALIGN ACTIVEVIEWPORTONLY
[2017.10.23-07.08.38:986][674]LogLinux: Setting swap interval to 'Immediate'
[2017.10.23-07.08.44:170][155]LogLinux: Setting swap interval to 'Immediate'
[2017.10.23-07.08.44:528][188]LogLinux: Setting swap interval to 'Immediate'
[2017.10.23-07.08.47:589][478]LogLinux: Setting swap interval to 'Immediate'
[2017.10.23-07.08.47:728][490]LogLinux: Setting swap interval to 'Immediate'
[2017.10.23-07.08.49:019][606]LogLinux: Setting swap interval to 'Immediate'
[2017.10.23-07.08.49:341][634]LogLinux: Setting swap interval to 'Immediate'
[2017.10.23-07.08.51:538][841]LogEditorViewport: Clicking on Actor (LMB): StaticMeshActor (Floor)
[2017.10.23-07.08.54:375][  4]Cmd: CAMERA ALIGN ACTIVEVIEWPORTONLY
[2017.10.23-07.09.05:286][234]LogEditorViewport: Clicking on Actor (LMB): StaticMeshActor (SM_Chair)
[2017.10.23-07.10.14:905][363]LogStaticMesh: Building static mesh SM_Couch...
[2017.10.23-07.10.14:950][363]LogLinux: Setting swap interval to 'Immediate'
[2017.10.23-07.10.14:950][363]LogStaticMesh: Built static mesh [0.05s] /Game/StarterContent/Props/SM_Couch.SM_Couch
[2017.10.23-07.10.14:988][363]LogActorFactory: Actor Factory created SM_Couch
[2017.10.23-07.10.16:139][428]LogActorFactory: Actor Factory created SM_Couch
[2017.10.23-07.10.18:697][570]Cmd: DELETE
[2017.10.23-07.10.18:713][570]Cmd: ACTOR DELETE
[2017.10.23-07.10.18:749][570]LogEditorActor: Deleted Actor: StaticMeshActor
[2017.10.23-07.10.18:764][570]LogEditorActor: Deleted 1 Actors (0.015 secs)
[2017.10.23-07.10.20:759][689]LogEditorViewport: Clicking on Actor (LMB): StaticMeshActor (SM_Chair)
[2017.10.23-07.10.30:824][284]LogEditorViewport: Clicking on Actor (LMB): StaticMeshActor (Floor)
[2017.10.23-07.10.32:982][412]LogEditorViewport: Clicking on Actor (LMB): StaticMeshActor (SM_Chair)
[2017.10.23-07.10.33:915][466]Cmd: CAMERA ALIGN ACTIVEVIEWPORTONLY
[2017.10.23-07.11.01:602][670]Cmd: DUPLICATE
[2017.10.23-07.11.01:602][670]Cmd: ACTOR DUPLICATE
[2017.10.23-07.11.02:043][693]Cmd: DUPLICATE
[2017.10.23-07.11.02:043][693]Cmd: ACTOR DUPLICATE
[2017.10.23-07.11.02:380][711]Cmd: DUPLICATE
[2017.10.23-07.11.02:380][711]Cmd: ACTOR DUPLICATE
[2017.10.23-07.11.05:651][895]Cmd: DELETE
[2017.10.23-07.11.05:668][895]Cmd: ACTOR DELETE
[2017.10.23-07.11.05:668][895]LogEditorActor: Deleted Actor: StaticMeshActor
[2017.10.23-07.11.05:692][895]LogEditorActor: Deleted 1 Actors (0.024 secs)
[2017.10.23-07.11.06:764][957]LogEditorActor: Deleted Actor: StaticMeshActor
[2017.10.23-07.11.06:784][957]LogEditorActor: Deleted 1 Actors (0.022 secs)
[2017.10.23-07.11.07:505][  1]LogEditorActor: Deleted Actor: StaticMeshActor
[2017.10.23-07.11.07:531][  1]LogEditorActor: Deleted 1 Actors (0.026 secs)
[2017.10.23-07.11.09:710][126]LogEditorViewport: Clicking on Actor (LMB): StaticMeshActor (SM_Chair)
[2017.10.23-07.11.10:388][163]Cmd: TRANSACTION UNDO
[2017.10.23-07.11.10:389][163]LogEditorTransaction: Undo Clicking on Actors
[2017.10.23-07.11.10:622][174]LogLinux: Setting swap interval to 'Immediate'
[2017.10.23-07.11.12:055][255]Cmd: TRANSACTION UNDO
[2017.10.23-07.11.12:055][255]LogEditorTransaction: Undo Delete selection
[2017.10.23-07.11.12:404][273]Cmd: TRANSACTION UNDO
[2017.10.23-07.11.12:404][273]LogEditorTransaction: Undo Clicking on Actors
[2017.10.23-07.11.12:685][289]Cmd: TRANSACTION UNDO
[2017.10.23-07.11.12:685][289]LogEditorTransaction: Undo Delete selection
[2017.10.23-07.11.12:902][300]Cmd: TRANSACTION UNDO
[2017.10.23-07.11.12:903][300]LogEditorTransaction: Undo Clicking on Actors
[2017.10.23-07.11.13:218][318]Cmd: TRANSACTION UNDO
[2017.10.23-07.11.13:219][318]LogEditorTransaction: Undo Delete Actors
[2017.10.23-07.11.13:563][336]Cmd: TRANSACTION UNDO
[2017.10.23-07.11.13:563][336]LogEditorTransaction: Undo Modifier [Delete]
[2017.10.23-07.11.13:918][356]Cmd: TRANSACTION UNDO
[2017.10.23-07.11.13:918][356]LogEditorTransaction: Undo Duplicate Actors
[2017.10.23-07.11.14:442][384]Cmd: TRANSACTION UNDO
[2017.10.23-07.11.14:442][384]LogEditorTransaction: Undo Duplicate Actors
[2017.10.23-07.11.14:940][411]Cmd: TRANSACTION UNDO
[2017.10.23-07.11.14:940][411]LogEditorTransaction: Undo Duplicate Actors
[2017.10.23-07.11.15:377][434]Cmd: TRANSACTION UNDO
[2017.10.23-07.11.15:377][434]LogEditorTransaction: Undo Rotate Actors
[2017.10.23-07.11.16:014][470]Cmd: TRANSACTION UNDO
[2017.10.23-07.11.16:014][470]LogEditorTransaction: Undo Rotate Actors
[2017.10.23-07.11.16:505][498]Cmd: TRANSACTION UNDO
[2017.10.23-07.11.16:505][498]LogEditorTransaction: Undo Clicking on Actors
[2017.10.23-07.11.16:939][522]Cmd: TRANSACTION UNDO
[2017.10.23-07.11.16:939][522]LogEditorTransaction: Undo Clicking on Actors
[2017.10.23-07.11.17:343][544]Cmd: TRANSACTION UNDO
[2017.10.23-07.11.17:343][544]LogEditorTransaction: Undo Scale Actors
[2017.10.23-07.11.17:749][567]Cmd: TRANSACTION UNDO
[2017.10.23-07.11.17:749][567]LogEditorTransaction: Undo Scale Actors
[2017.10.23-07.11.18:153][590]Cmd: TRANSACTION UNDO
[2017.10.23-07.11.18:153][590]LogEditorTransaction: Undo Scale Actors
[2017.10.23-07.11.18:529][611]Cmd: TRANSACTION UNDO
[2017.10.23-07.11.18:529][611]LogEditorTransaction: Undo Clicking on Actors
[2017.10.23-07.11.54:589][738]LogLinux: Setting swap interval to 'Immediate'
[2017.10.23-07.11.54:596][739]LogActorFactory: Actor Factory created SM_Rock
[2017.10.23-07.11.56:033][833]LogActorFactory: Actor Factory created SM_Rock
[2017.10.23-07.18.07:855][743]LogLinux: Setting swap interval to 'Immediate'
[2017.10.23-07.18.16:650][776]LogLinux: Setting swap interval to 'Immediate'
[2017.10.23-07.18.16:701][776]LogSavePackage: Save=26.67ms
[2017.10.23-07.18.16:701][776]LogSavePackage: Moving '../../../../../../../home/maxime/Bureau/Udemy/Unreal_Engine_Udemy/Escape_Game/Saved/Escape_Game_Auto219375064100A0917001202A285936CE6.tmp' to '../../../../../../../home/maxime/Bureau/Udemy/Unreal_Engine_Udemy/Escape_Game/Saved/Autosaves/Game/Escape_Game_Auto2.umap'
[2017.10.23-07.18.16:702][776]LogSavePackage: Display: Finished SavePackage ../../../../../../../home/maxime/Bureau/Udemy/Unreal_Engine_Udemy/Escape_Game/Saved/Autosaves/Game/Escape_Game_Auto2.umap
[2017.10.23-07.18.16:703][776]LogFileHelpers: Editor autosave (incl. sublevels) for '/Game/Escape_Game' took 0.052
[2017.10.23-07.18.16:703][776]LogFileHelpers: Editor autosave (incl. sublevels) for all levels took 0.052
[2017.10.23-07.20.56:324][971]LogLinux: Setting swap interval to 'Immediate'
[2017.10.23-07.21.01:207][402]LogLinux: Setting swap interval to 'Immediate'
[2017.10.23-07.21.03:075][572]LogLinux: Setting swap interval to 'Immediate'
[2017.10.23-07.21.17:178][736]LogLinux: Setting swap interval to 'Immediate'
[2017.10.23-07.21.23:325][240]LogLinux: Setting swap interval to 'Immediate'
[2017.10.23-07.21.25:821][442]LogLinux: Setting swap interval to 'Immediate'
[2017.10.23-07.21.28:466][652]LogEditorViewport: Clicking on Actor (LMB): BP_Sky_Sphere_C (Sky Sphere)
[2017.10.23-07.21.28:868][676]LogLinux: Setting swap interval to 'Immediate'
[2017.10.23-07.22.28:144][289]LogLinux: Setting swap interval to 'Immediate'
[2017.10.23-07.22.28:148][289]Cmd: OBJ SAVEPACKAGE PACKAGE="/Game/Escape_Game" FILE="../../../../../../../home/maxime/Bureau/Udemy/Unreal_Engine_Udemy/Escape_Game/Content/Escape_Game.umap" SILENT=true AUTOSAVING=false KEEPDIRTY=false
[2017.10.23-07.22.28:202][289]LogSavePackage: Save=32.34ms
[2017.10.23-07.22.28:202][289]LogSavePackage: Moving '../../../../../../../home/maxime/Bureau/Udemy/Unreal_Engine_Udemy/Escape_Game/Saved/Escape_Game1939F8041C0A0917001600AA9490E9FB.tmp' to '../../../../../../../home/maxime/Bureau/Udemy/Unreal_Engine_Udemy/Escape_Game/Content/Escape_Game.umap'
[2017.10.23-07.22.28:205][289]LogSavePackage: Display: Finished SavePackage ../../../../../../../home/maxime/Bureau/Udemy/Unreal_Engine_Udemy/Escape_Game/Content/Escape_Game.umap
[2017.10.23-07.22.28:226][289]Cmd: OBJ SAVEPACKAGE PACKAGE="/Game/Escape_Game_BuiltData" FILE="../../../../../../../home/maxime/Bureau/Udemy/Unreal_Engine_Udemy/Escape_Game/Content/Escape_Game_BuiltData.uasset" SILENT=true
[2017.10.23-07.22.28:257][289]LogSavePackage: Save=27.25ms
[2017.10.23-07.22.28:257][289]LogSavePackage: Moving '../../../../../../../home/maxime/Bureau/Udemy/Unreal_Engine_Udemy/Escape_Game/Saved/Escape_Game_BuiltData193B2AEF1C0A0917001600E69491DE77.tmp' to '../../../../../../../home/maxime/Bureau/Udemy/Unreal_Engine_Udemy/Escape_Game/Content/Escape_Game_BuiltData.uasset'
[2017.10.23-07.22.28:258][289]LogSavePackage: Display: Finished SavePackage ../../../../../../../home/maxime/Bureau/Udemy/Unreal_Engine_Udemy/Escape_Game/Content/Escape_Game_BuiltData.uasset
